{
    "tests": [
        {
            "score": 2.5,
            "max_score": 2.5,
            "name": "test_sand_functional.py::test_is_move_ok_out_of_bounds",
            "output": "\n",
            "visibility": "visible"
        },
        {
            "score": 2.5,
            "max_score": 2.5,
            "name": "test_sand_functional.py::test_is_move_ok_cant_move",
            "output": "\n",
            "visibility": "visible"
        },
        {
            "score": 2.5,
            "max_score": 2.5,
            "name": "test_sand_functional.py::test_is_move_ok_straight_down",
            "output": "\n",
            "visibility": "visible"
        },
        {
            "score": 2.5,
            "max_score": 2.5,
            "name": "test_sand_functional.py::test_is_move_ok_down_left",
            "output": "\n",
            "visibility": "visible"
        },
        {
            "score": 2.5,
            "max_score": 2.5,
            "name": "test_sand_functional.py::test_is_move_ok_down_right",
            "output": "\n",
            "visibility": "visible"
        },
        {
            "score": 2.5,
            "max_score": 2.5,
            "name": "test_sand_functional.py::test_is_move_ok_corner_rule",
            "output": "\n",
            "visibility": "visible"
        },
        {
            "score": 2.5,
            "max_score": 2.5,
            "name": "test_sand_functional.py::test_do_move_1",
            "output": "\n",
            "visibility": "visible"
        },
        {
            "score": 2.5,
            "max_score": 2.5,
            "name": "test_sand_functional.py::test_do_move_2",
            "output": "\n",
            "visibility": "visible"
        },
        {
            "score": 2.5,
            "max_score": 2.5,
            "name": "test_sand_functional.py::test_do_gravity_out_of_bounds",
            "output": "\n",
            "visibility": "visible"
        },
        {
            "score": 2.5,
            "max_score": 2.5,
            "name": "test_sand_functional.py::test_do_gravity_cant_move",
            "output": "\n",
            "visibility": "visible"
        },
        {
            "score": 2.5,
            "max_score": 2.5,
            "name": "test_sand_functional.py::test_do_gravity_straight_down",
            "output": "\n",
            "visibility": "visible"
        },
        {
            "score": 2.5,
            "max_score": 2.5,
            "name": "test_sand_functional.py::test_do_gravity_down_left",
            "output": "\n",
            "visibility": "visible"
        },
        {
            "score": 2.5,
            "max_score": 2.5,
            "name": "test_sand_functional.py::test_do_gravity_down_right",
            "output": "\n",
            "visibility": "visible"
        },
        {
            "score": 2.5,
            "max_score": 2.5,
            "name": "test_sand_functional.py::test_do_gravity_corner_rule",
            "output": "\n",
            "visibility": "visible"
        },
        {
            "score": 5,
            "max_score": 5,
            "name": "test_sand_functional.py::test_do_whole_grid_sand_falls_together",
            "output": "\n",
            "visibility": "visible"
        },
        {
            "score": 5,
            "max_score": 5,
            "name": "test_sand_functional.py::test_do_whole_grid_until_sand_settles",
            "output": "\n",
            "visibility": "visible"
        },
        {
            "score": 0,
            "max_score": 5,
            "name": "test_sand_functional.py::test_do_whole_grid_all_falling_rules",
            "output": "\nGrid = <class 'Grid.Grid'>\ndo_whole_grid = <function do_whole_grid at 0x105b52de0>\n\n    @max_score(5)\n    @with_import('sand_functional', 'do_whole_grid')\n    @with_import('Grid', 'Grid')\n    def test_do_whole_grid_all_falling_rules(Grid, do_whole_grid):\n        key = Grid.build(\n            [[None, 's', None, None, None, None, None, None],\n             ['r', 's', 'r', 's', 'r', 's', 'r', 's'],\n             [None, 'r', None, None, None, 'r', None, None]]\n        )\n        input = Grid.build(\n            [[None, 's', None, None, 's', 's', 's', None],\n             ['r', 's', 'r', None, 'r', None, 'r', None],\n             [None, 'r', None, None, None, 'r', None, None]]\n        )\n        output = do_whole_grid(input)\n>       assert output == key\nE       AssertionError: assert Grid.build([[None, None, None, None, None, None, None, None], ['s', 's', None, None, 's', 's', 's', None], ['r', 'r', 'r', None, 'r', 'r', 'r', None]]) == Grid.build([[None, 's', None, None, None, None, None, None], ['r', 's', 'r', 's', 'r', 's', 'r', 's'], [None, 'r', None, None, None, 'r', None, None]])\n\ntest_sand_functional.py:152: AssertionError",
            "visibility": "visible"
        },
        {
            "score": 0,
            "max_score": 2,
            "name": "test_sand_oo.py::test_sand_str",
            "output": "\nargs = (), kwargs = {}\nmodule = <module 'sand_oo' from '/Users/daviswollesen/Desktop/cs111/proj/proj2/sand_oo.py'>\n\n    @wraps(test_function)\n    def new_test_function(*args, **kwargs):\n        try:\n            module = importlib.import_module(module_name)\n>           func = getattr(module, function_name)\nE           AttributeError: module 'sand_oo' has no attribute 'Sand'\n\n/Library/Frameworks/Python.framework/Versions/3.11/lib/python3.11/site-packages/byu_pytest_utils/utils.py:72: AttributeError",
            "visibility": "visible"
        },
        {
            "score": 0,
            "max_score": 1.5,
            "name": "test_sand_oo.py::test_sand_gravity_out_of_bounds",
            "output": "\nargs = (), kwargs = {}\nmodule = <module 'sand_oo' from '/Users/daviswollesen/Desktop/cs111/proj/proj2/sand_oo.py'>\n\n    @wraps(test_function)\n    def new_test_function(*args, **kwargs):\n        try:\n            module = importlib.import_module(module_name)\n>           func = getattr(module, function_name)\nE           AttributeError: module 'sand_oo' has no attribute 'Sand'\n\n/Library/Frameworks/Python.framework/Versions/3.11/lib/python3.11/site-packages/byu_pytest_utils/utils.py:72: AttributeError",
            "visibility": "visible"
        },
        {
            "score": 0,
            "max_score": 1.5,
            "name": "test_sand_oo.py::test_sand_gravity_cant_move",
            "output": "\nargs = (), kwargs = {}\nmodule = <module 'sand_oo' from '/Users/daviswollesen/Desktop/cs111/proj/proj2/sand_oo.py'>\n\n    @wraps(test_function)\n    def new_test_function(*args, **kwargs):\n        try:\n            module = importlib.import_module(module_name)\n>           func = getattr(module, function_name)\nE           AttributeError: module 'sand_oo' has no attribute 'Sand'\n\n/Library/Frameworks/Python.framework/Versions/3.11/lib/python3.11/site-packages/byu_pytest_utils/utils.py:72: AttributeError",
            "visibility": "visible"
        },
        {
            "score": 0,
            "max_score": 1.5,
            "name": "test_sand_oo.py::test_sand_gravity_straight_down",
            "output": "\nargs = (), kwargs = {}\nmodule = <module 'sand_oo' from '/Users/daviswollesen/Desktop/cs111/proj/proj2/sand_oo.py'>\n\n    @wraps(test_function)\n    def new_test_function(*args, **kwargs):\n        try:\n            module = importlib.import_module(module_name)\n>           func = getattr(module, function_name)\nE           AttributeError: module 'sand_oo' has no attribute 'Sand'\n\n/Library/Frameworks/Python.framework/Versions/3.11/lib/python3.11/site-packages/byu_pytest_utils/utils.py:72: AttributeError",
            "visibility": "visible"
        },
        {
            "score": 0,
            "max_score": 1.5,
            "name": "test_sand_oo.py::test_sand_gravity_down_left",
            "output": "\nargs = (), kwargs = {}\nmodule = <module 'sand_oo' from '/Users/daviswollesen/Desktop/cs111/proj/proj2/sand_oo.py'>\n\n    @wraps(test_function)\n    def new_test_function(*args, **kwargs):\n        try:\n            module = importlib.import_module(module_name)\n>           func = getattr(module, function_name)\nE           AttributeError: module 'sand_oo' has no attribute 'Sand'\n\n/Library/Frameworks/Python.framework/Versions/3.11/lib/python3.11/site-packages/byu_pytest_utils/utils.py:72: AttributeError",
            "visibility": "visible"
        },
        {
            "score": 0,
            "max_score": 1.5,
            "name": "test_sand_oo.py::test_sand_gravity_down_right",
            "output": "\nargs = (), kwargs = {}\nmodule = <module 'sand_oo' from '/Users/daviswollesen/Desktop/cs111/proj/proj2/sand_oo.py'>\n\n    @wraps(test_function)\n    def new_test_function(*args, **kwargs):\n        try:\n            module = importlib.import_module(module_name)\n>           func = getattr(module, function_name)\nE           AttributeError: module 'sand_oo' has no attribute 'Sand'\n\n/Library/Frameworks/Python.framework/Versions/3.11/lib/python3.11/site-packages/byu_pytest_utils/utils.py:72: AttributeError",
            "visibility": "visible"
        },
        {
            "score": 0,
            "max_score": 1.5,
            "name": "test_sand_oo.py::test_sand_gravity_corner_rule",
            "output": "\nargs = (), kwargs = {}\nmodule = <module 'sand_oo' from '/Users/daviswollesen/Desktop/cs111/proj/proj2/sand_oo.py'>\n\n    @wraps(test_function)\n    def new_test_function(*args, **kwargs):\n        try:\n            module = importlib.import_module(module_name)\n>           func = getattr(module, function_name)\nE           AttributeError: module 'sand_oo' has no attribute 'Sand'\n\n/Library/Frameworks/Python.framework/Versions/3.11/lib/python3.11/site-packages/byu_pytest_utils/utils.py:72: AttributeError",
            "visibility": "visible"
        },
        {
            "score": 0,
            "max_score": 1,
            "name": "test_sand_oo.py::test_sand_move_out_of_bounds",
            "output": "\nargs = (), kwargs = {}\nmodule = <module 'sand_oo' from '/Users/daviswollesen/Desktop/cs111/proj/proj2/sand_oo.py'>\n\n    @wraps(test_function)\n    def new_test_function(*args, **kwargs):\n        try:\n            module = importlib.import_module(module_name)\n>           func = getattr(module, function_name)\nE           AttributeError: module 'sand_oo' has no attribute 'Sand'\n\n/Library/Frameworks/Python.framework/Versions/3.11/lib/python3.11/site-packages/byu_pytest_utils/utils.py:72: AttributeError",
            "visibility": "visible"
        },
        {
            "score": 0,
            "max_score": 1,
            "name": "test_sand_oo.py::test_sand_move_cant_move",
            "output": "\nargs = (), kwargs = {}\nmodule = <module 'sand_oo' from '/Users/daviswollesen/Desktop/cs111/proj/proj2/sand_oo.py'>\n\n    @wraps(test_function)\n    def new_test_function(*args, **kwargs):\n        try:\n            module = importlib.import_module(module_name)\n>           func = getattr(module, function_name)\nE           AttributeError: module 'sand_oo' has no attribute 'Sand'\n\n/Library/Frameworks/Python.framework/Versions/3.11/lib/python3.11/site-packages/byu_pytest_utils/utils.py:72: AttributeError",
            "visibility": "visible"
        },
        {
            "score": 0,
            "max_score": 1,
            "name": "test_sand_oo.py::test_sand_move_straight_down",
            "output": "\nargs = (), kwargs = {}\nmodule = <module 'sand_oo' from '/Users/daviswollesen/Desktop/cs111/proj/proj2/sand_oo.py'>\n\n    @wraps(test_function)\n    def new_test_function(*args, **kwargs):\n        try:\n            module = importlib.import_module(module_name)\n>           func = getattr(module, function_name)\nE           AttributeError: module 'sand_oo' has no attribute 'Sand'\n\n/Library/Frameworks/Python.framework/Versions/3.11/lib/python3.11/site-packages/byu_pytest_utils/utils.py:72: AttributeError",
            "visibility": "visible"
        },
        {
            "score": 0,
            "max_score": 1,
            "name": "test_sand_oo.py::test_sand_move_down_left",
            "output": "\nargs = (), kwargs = {}\nmodule = <module 'sand_oo' from '/Users/daviswollesen/Desktop/cs111/proj/proj2/sand_oo.py'>\n\n    @wraps(test_function)\n    def new_test_function(*args, **kwargs):\n        try:\n            module = importlib.import_module(module_name)\n>           func = getattr(module, function_name)\nE           AttributeError: module 'sand_oo' has no attribute 'Sand'\n\n/Library/Frameworks/Python.framework/Versions/3.11/lib/python3.11/site-packages/byu_pytest_utils/utils.py:72: AttributeError",
            "visibility": "visible"
        },
        {
            "score": 0,
            "max_score": 1,
            "name": "test_sand_oo.py::test_sand_move_down_right",
            "output": "\nargs = (), kwargs = {}\nmodule = <module 'sand_oo' from '/Users/daviswollesen/Desktop/cs111/proj/proj2/sand_oo.py'>\n\n    @wraps(test_function)\n    def new_test_function(*args, **kwargs):\n        try:\n            module = importlib.import_module(module_name)\n>           func = getattr(module, function_name)\nE           AttributeError: module 'sand_oo' has no attribute 'Sand'\n\n/Library/Frameworks/Python.framework/Versions/3.11/lib/python3.11/site-packages/byu_pytest_utils/utils.py:72: AttributeError",
            "visibility": "visible"
        },
        {
            "score": 0,
            "max_score": 1,
            "name": "test_sand_oo.py::test_sand_move_corner_rule",
            "output": "\nargs = (), kwargs = {}\nmodule = <module 'sand_oo' from '/Users/daviswollesen/Desktop/cs111/proj/proj2/sand_oo.py'>\n\n    @wraps(test_function)\n    def new_test_function(*args, **kwargs):\n        try:\n            module = importlib.import_module(module_name)\n>           func = getattr(module, function_name)\nE           AttributeError: module 'sand_oo' has no attribute 'Sand'\n\n/Library/Frameworks/Python.framework/Versions/3.11/lib/python3.11/site-packages/byu_pytest_utils/utils.py:72: AttributeError",
            "visibility": "visible"
        },
        {
            "score": 0,
            "max_score": 3,
            "name": "test_sand_oo.py::test_sand_move_falling_example",
            "output": "\nargs = (), kwargs = {}\nmodule = <module 'sand_oo' from '/Users/daviswollesen/Desktop/cs111/proj/proj2/sand_oo.py'>\n\n    @wraps(test_function)\n    def new_test_function(*args, **kwargs):\n        try:\n            module = importlib.import_module(module_name)\n>           func = getattr(module, function_name)\nE           AttributeError: module 'sand_oo' has no attribute 'Sand'\n\n/Library/Frameworks/Python.framework/Versions/3.11/lib/python3.11/site-packages/byu_pytest_utils/utils.py:72: AttributeError",
            "visibility": "visible"
        },
        {
            "score": 0,
            "max_score": 7.5,
            "name": "test_sand_oo.py::test_add_sand",
            "output": "\nargs = ()\nkwargs = {'monkeypatch': <_pytest.monkeypatch.MonkeyPatch object at 0x106364710>}\nmodule = <module 'sand_oo' from '/Users/daviswollesen/Desktop/cs111/proj/proj2/sand_oo.py'>\nfunc = []\n\n    @wraps(test_function)\n    def new_test_function(*args, **kwargs):\n        try:\n            module = importlib.import_module(module_name)\n            func = getattr(module, function_name)\n>           return test_function(func, *args, **kwargs)\n\n/Library/Frameworks/Python.framework/Versions/3.11/lib/python3.11/site-packages/byu_pytest_utils/utils.py:73: \n_ _ _ _ _ _ _ _ _ _ _ _ _ _ _ _ _ _ _ _ _ _ _ _ _ _ _ _ _ _ _ _ _ _ _ _ _ _ _ _ \n/Library/Frameworks/Python.framework/Versions/3.11/lib/python3.11/site-packages/byu_pytest_utils/utils.py:73: in new_test_function\n    return test_function(func, *args, **kwargs)\n_ _ _ _ _ _ _ _ _ _ _ _ _ _ _ _ _ _ _ _ _ _ _ _ _ _ _ _ _ _ _ _ _ _ _ _ _ _ _ _ \n\nargs = (<function add_sand at 0x1062fca40>, [])\nkwargs = {'monkeypatch': <_pytest.monkeypatch.MonkeyPatch object at 0x106364710>}\nmodule = <module 'sand_oo' from '/Users/daviswollesen/Desktop/cs111/proj/proj2/sand_oo.py'>\n\n    @wraps(test_function)\n    def new_test_function(*args, **kwargs):\n        try:\n            module = importlib.import_module(module_name)\n>           func = getattr(module, function_name)\nE           AttributeError: module 'sand_oo' has no attribute 'Sand'\n\n/Library/Frameworks/Python.framework/Versions/3.11/lib/python3.11/site-packages/byu_pytest_utils/utils.py:72: AttributeError",
            "visibility": "visible"
        },
        {
            "score": 0,
            "max_score": 7.5,
            "name": "test_sand_oo.py::test_remove_sand",
            "output": "\nargs = ()\nkwargs = {'monkeypatch': <_pytest.monkeypatch.MonkeyPatch object at 0x106363890>}\nmodule = <module 'sand_oo' from '/Users/daviswollesen/Desktop/cs111/proj/proj2/sand_oo.py'>\nfunc = []\n\n    @wraps(test_function)\n    def new_test_function(*args, **kwargs):\n        try:\n            module = importlib.import_module(module_name)\n            func = getattr(module, function_name)\n>           return test_function(func, *args, **kwargs)\n\n/Library/Frameworks/Python.framework/Versions/3.11/lib/python3.11/site-packages/byu_pytest_utils/utils.py:73: \n_ _ _ _ _ _ _ _ _ _ _ _ _ _ _ _ _ _ _ _ _ _ _ _ _ _ _ _ _ _ _ _ _ _ _ _ _ _ _ _ \n/Library/Frameworks/Python.framework/Versions/3.11/lib/python3.11/site-packages/byu_pytest_utils/utils.py:73: in new_test_function\n    return test_function(func, *args, **kwargs)\n_ _ _ _ _ _ _ _ _ _ _ _ _ _ _ _ _ _ _ _ _ _ _ _ _ _ _ _ _ _ _ _ _ _ _ _ _ _ _ _ \n\nargs = (<function remove_sand at 0x1062fcae0>, [])\nkwargs = {'monkeypatch': <_pytest.monkeypatch.MonkeyPatch object at 0x106363890>}\nmodule = <module 'sand_oo' from '/Users/daviswollesen/Desktop/cs111/proj/proj2/sand_oo.py'>\n\n    @wraps(test_function)\n    def new_test_function(*args, **kwargs):\n        try:\n            module = importlib.import_module(module_name)\n>           func = getattr(module, function_name)\nE           AttributeError: module 'sand_oo' has no attribute 'Sand'\n\n/Library/Frameworks/Python.framework/Versions/3.11/lib/python3.11/site-packages/byu_pytest_utils/utils.py:72: AttributeError",
            "visibility": "visible"
        },
        {
            "score": 0,
            "max_score": 5,
            "name": "test_sand_oo.py::test_do_whole_grid_all_falling_rules",
            "output": "\nargs = ()\nkwargs = {'monkeypatch': <_pytest.monkeypatch.MonkeyPatch object at 0x1063698d0>}\nmodule = <module 'sand_oo' from '/Users/daviswollesen/Desktop/cs111/proj/proj2/sand_oo.py'>\nfunc = []\n\n    @wraps(test_function)\n    def new_test_function(*args, **kwargs):\n        try:\n            module = importlib.import_module(module_name)\n            func = getattr(module, function_name)\n>           return test_function(func, *args, **kwargs)\n\n/Library/Frameworks/Python.framework/Versions/3.11/lib/python3.11/site-packages/byu_pytest_utils/utils.py:73: \n_ _ _ _ _ _ _ _ _ _ _ _ _ _ _ _ _ _ _ _ _ _ _ _ _ _ _ _ _ _ _ _ _ _ _ _ _ _ _ _ \n/Library/Frameworks/Python.framework/Versions/3.11/lib/python3.11/site-packages/byu_pytest_utils/utils.py:73: in new_test_function\n    return test_function(func, *args, **kwargs)\n_ _ _ _ _ _ _ _ _ _ _ _ _ _ _ _ _ _ _ _ _ _ _ _ _ _ _ _ _ _ _ _ _ _ _ _ _ _ _ _ \n\nargs = (<function do_whole_grid at 0x1062fcb80>, [])\nkwargs = {'monkeypatch': <_pytest.monkeypatch.MonkeyPatch object at 0x1063698d0>}\nmodule = <module 'sand_oo' from '/Users/daviswollesen/Desktop/cs111/proj/proj2/sand_oo.py'>\n\n    @wraps(test_function)\n    def new_test_function(*args, **kwargs):\n        try:\n            module = importlib.import_module(module_name)\n>           func = getattr(module, function_name)\nE           AttributeError: module 'sand_oo' has no attribute 'Sand'\n\n/Library/Frameworks/Python.framework/Versions/3.11/lib/python3.11/site-packages/byu_pytest_utils/utils.py:72: AttributeError",
            "visibility": "visible"
        },
        {
            "score": 0,
            "max_score": 5,
            "name": "test_sand_oo.py::test_do_whole_grid_sand_falls_together",
            "output": "\nargs = ()\nkwargs = {'monkeypatch': <_pytest.monkeypatch.MonkeyPatch object at 0x105bc3510>}\nmodule = <module 'sand_oo' from '/Users/daviswollesen/Desktop/cs111/proj/proj2/sand_oo.py'>\nfunc = []\n\n    @wraps(test_function)\n    def new_test_function(*args, **kwargs):\n        try:\n            module = importlib.import_module(module_name)\n            func = getattr(module, function_name)\n>           return test_function(func, *args, **kwargs)\n\n/Library/Frameworks/Python.framework/Versions/3.11/lib/python3.11/site-packages/byu_pytest_utils/utils.py:73: \n_ _ _ _ _ _ _ _ _ _ _ _ _ _ _ _ _ _ _ _ _ _ _ _ _ _ _ _ _ _ _ _ _ _ _ _ _ _ _ _ \n/Library/Frameworks/Python.framework/Versions/3.11/lib/python3.11/site-packages/byu_pytest_utils/utils.py:73: in new_test_function\n    return test_function(func, *args, **kwargs)\n_ _ _ _ _ _ _ _ _ _ _ _ _ _ _ _ _ _ _ _ _ _ _ _ _ _ _ _ _ _ _ _ _ _ _ _ _ _ _ _ \n\nargs = (<function do_whole_grid at 0x1062fcb80>, [])\nkwargs = {'monkeypatch': <_pytest.monkeypatch.MonkeyPatch object at 0x105bc3510>}\nmodule = <module 'sand_oo' from '/Users/daviswollesen/Desktop/cs111/proj/proj2/sand_oo.py'>\n\n    @wraps(test_function)\n    def new_test_function(*args, **kwargs):\n        try:\n            module = importlib.import_module(module_name)\n>           func = getattr(module, function_name)\nE           AttributeError: module 'sand_oo' has no attribute 'Sand'\n\n/Library/Frameworks/Python.framework/Versions/3.11/lib/python3.11/site-packages/byu_pytest_utils/utils.py:72: AttributeError",
            "visibility": "visible"
        },
        {
            "score": 0,
            "max_score": 5,
            "name": "test_sand_oo.py::test_do_whole_grid_until_sand_settles",
            "output": "\nargs = ()\nkwargs = {'monkeypatch': <_pytest.monkeypatch.MonkeyPatch object at 0x10636e2d0>}\nmodule = <module 'sand_oo' from '/Users/daviswollesen/Desktop/cs111/proj/proj2/sand_oo.py'>\nfunc = []\n\n    @wraps(test_function)\n    def new_test_function(*args, **kwargs):\n        try:\n            module = importlib.import_module(module_name)\n            func = getattr(module, function_name)\n>           return test_function(func, *args, **kwargs)\n\n/Library/Frameworks/Python.framework/Versions/3.11/lib/python3.11/site-packages/byu_pytest_utils/utils.py:73: \n_ _ _ _ _ _ _ _ _ _ _ _ _ _ _ _ _ _ _ _ _ _ _ _ _ _ _ _ _ _ _ _ _ _ _ _ _ _ _ _ \n/Library/Frameworks/Python.framework/Versions/3.11/lib/python3.11/site-packages/byu_pytest_utils/utils.py:73: in new_test_function\n    return test_function(func, *args, **kwargs)\n_ _ _ _ _ _ _ _ _ _ _ _ _ _ _ _ _ _ _ _ _ _ _ _ _ _ _ _ _ _ _ _ _ _ _ _ _ _ _ _ \n\nargs = (<function do_whole_grid at 0x1062fcb80>, [])\nkwargs = {'monkeypatch': <_pytest.monkeypatch.MonkeyPatch object at 0x10636e2d0>}\nmodule = <module 'sand_oo' from '/Users/daviswollesen/Desktop/cs111/proj/proj2/sand_oo.py'>\n\n    @wraps(test_function)\n    def new_test_function(*args, **kwargs):\n        try:\n            module = importlib.import_module(module_name)\n>           func = getattr(module, function_name)\nE           AttributeError: module 'sand_oo' has no attribute 'Sand'\n\n/Library/Frameworks/Python.framework/Versions/3.11/lib/python3.11/site-packages/byu_pytest_utils/utils.py:72: AttributeError",
            "visibility": "visible"
        }
    ]
}